  Performance Analyser.cpp
c:\users\hasil\desktop\electrical-performance-analyzer\performance analyser\performance analyser\csv.h(77): warning C4996: 'strncpy': This function or variable may be unsafe. Consider using strncpy_s instead. To disable deprecation, use _CRT_SECURE_NO_WARNINGS. See online help for details.
  C:\Program Files (x86)\Windows Kits\10\Include\10.0.15063.0\ucrt\string.h(343): note: see declaration of 'strncpy'
c:\users\hasil\desktop\electrical-performance-analyzer\performance analyser\performance analyser\csv.h(116): warning C4996: 'strerror': This function or variable may be unsafe. Consider using strerror_s instead. To disable deprecation, use _CRT_SECURE_NO_WARNINGS. See online help for details.
  C:\Program Files (x86)\Windows Kits\10\Include\10.0.15063.0\ucrt\string.h(181): note: see declaration of 'strerror'
c:\users\hasil\desktop\electrical-performance-analyzer\performance analyser\performance analyser\csv.h(169): warning C4244: 'return': conversion from 'std::streamsize' to 'int', possible loss of data
c:\users\hasil\desktop\electrical-performance-analyzer\performance analyser\performance analyser\csv.h(185): warning C4244: '=': conversion from '__int64' to 'int', possible loss of data
c:\users\hasil\desktop\electrical-performance-analyzer\performance analyser\performance analyser\csv.h(333): warning C4996: 'fopen': This function or variable may be unsafe. Consider using fopen_s instead. To disable deprecation, use _CRT_SECURE_NO_WARNINGS. See online help for details.
  C:\Program Files (x86)\Windows Kits\10\Include\10.0.15063.0\ucrt\stdio.h(207): note: see declaration of 'fopen'
c:\users\hasil\desktop\electrical-performance-analyzer\performance analyser\performance analyser\csv.h(421): warning C4996: 'strncpy': This function or variable may be unsafe. Consider using strncpy_s instead. To disable deprecation, use _CRT_SECURE_NO_WARNINGS. See online help for details.
  C:\Program Files (x86)\Windows Kits\10\Include\10.0.15063.0\ucrt\string.h(343): note: see declaration of 'strncpy'
c:\users\hasil\desktop\electrical-performance-analyzer\performance analyser\performance analyser\csv.h(503): warning C4996: 'strncpy': This function or variable may be unsafe. Consider using strncpy_s instead. To disable deprecation, use _CRT_SECURE_NO_WARNINGS. See online help for details.
  C:\Program Files (x86)\Windows Kits\10\Include\10.0.15063.0\ucrt\string.h(343): note: see declaration of 'strncpy'
c:\users\hasil\desktop\electrical-performance-analyzer\performance analyser\performance analyser\csv.h(519): warning C4996: 'strncpy': This function or variable may be unsafe. Consider using strncpy_s instead. To disable deprecation, use _CRT_SECURE_NO_WARNINGS. See online help for details.
  C:\Program Files (x86)\Windows Kits\10\Include\10.0.15063.0\ucrt\string.h(343): note: see declaration of 'strncpy'
c:\users\hasil\desktop\electrical-performance-analyzer\performance analyser\performance analyser\csv.h(1072): warning C4305: '=': truncation from 'double' to 'float'
  c:\users\hasil\desktop\electrical-performance-analyzer\performance analyser\performance analyser\csv.h(1101): note: see reference to function template instantiation 'void io::detail::parse_float<float>(const char *,T &)' being compiled
          with
          [
              T=float
          ]
  c:\users\hasil\desktop\electrical-performance-analyzer\performance analyser\performance analyser\csv.h(1231): note: see reference to function template instantiation 'void io::detail::parse<overflow_policy>(char *,float &)' being compiled
          with
          [
              overflow_policy=io::throw_on_overflow
          ]
  c:\users\hasil\desktop\electrical-performance-analyzer\performance analyser\performance analyser\csv.h(1243): note: see reference to function template instantiation 'void io::CSVReader<5,io::trim_chars<32,9>,io::no_quote_escape<44>,io::throw_on_overflow,io::no_comment>::parse_helper<float,float,float,float>(::size_t,T &,float &,float &,float &)' being compiled
          with
          [
              T=float
          ]
  c:\users\hasil\desktop\electrical-performance-analyzer\performance analyser\performance analyser\csv.h(1243): note: see reference to function template instantiation 'void io::CSVReader<5,io::trim_chars<32,9>,io::no_quote_escape<44>,io::throw_on_overflow,io::no_comment>::parse_helper<float,float,float,float>(::size_t,T &,float &,float &,float &)' being compiled
          with
          [
              T=float
          ]
  c:\users\hasil\desktop\electrical-performance-analyzer\performance analyser\performance analyser\csv.h(1267): note: see reference to function template instantiation 'void io::CSVReader<5,io::trim_chars<32,9>,io::no_quote_escape<44>,io::throw_on_overflow,io::no_comment>::parse_helper<__int64,float,float,float,float>(::size_t,T &,float &,float &,float &,float &)' being compiled
          with
          [
              T=__int64
          ]
  c:\users\hasil\desktop\electrical-performance-analyzer\performance analyser\performance analyser\csv.h(1267): note: see reference to function template instantiation 'void io::CSVReader<5,io::trim_chars<32,9>,io::no_quote_escape<44>,io::throw_on_overflow,io::no_comment>::parse_helper<__int64,float,float,float,float>(::size_t,T &,float &,float &,float &,float &)' being compiled
          with
          [
              T=__int64
          ]
  Performance Analyser.cpp(67): note: see reference to function template instantiation 'bool io::CSVReader<5,io::trim_chars<32,9>,io::no_quote_escape<44>,io::throw_on_overflow,io::no_comment>::read_row<__int64,float,float,float,float>(__int64 &,float &,float &,float &,float &)' being compiled
  Performance Analyser.cpp(67): note: see reference to function template instantiation 'bool io::CSVReader<5,io::trim_chars<32,9>,io::no_quote_escape<44>,io::throw_on_overflow,io::no_comment>::read_row<__int64,float,float,float,float>(__int64 &,float &,float &,float &,float &)' being compiled
  Generating code
  2 of 558 functions ( 0.4%) were compiled, the rest were copied from previous compilation.
    0 functions were new in current compilation
    18 functions had inline decision re-evaluated but remain unchanged
  Finished generating code
  Performance Analyser.vcxproj -> C:\Users\Hasil\Desktop\Electrical-Performance-Analyzer\Performance Analyser\Release\Performance Analyser.exe
