c:\users\hasil\desktop\electrical-performance-analyzer\performance analyser\performance analyser\release\performance analyser.pch
c:\users\hasil\desktop\electrical-performance-analyzer\performance analyser\performance analyser\release\vc141.pdb
c:\users\hasil\desktop\electrical-performance-analyzer\performance analyser\performance analyser\release\stdafx.obj
c:\users\hasil\desktop\electrical-performance-analyzer\performance analyser\performance analyser\release\performance analyser.obj
c:\users\hasil\desktop\electrical-performance-analyzer\performance analyser\release\performance analyser.exe
c:\users\hasil\desktop\electrical-performance-analyzer\performance analyser\release\performance analyser.pdb
c:\users\hasil\desktop\electrical-performance-analyzer\performance analyser\release\performance analyser.ipdb
c:\users\hasil\desktop\electrical-performance-analyzer\performance analyser\release\performance analyser.iobj
c:\users\hasil\desktop\electrical performance analyzer\performance analyser\performance analyser\release\performance analyser.obj
c:\users\hasil\desktop\electrical performance analyzer\performance analyser\performance analyser\release\stdafx.obj
c:\users\hasil\desktop\electrical performance analyzer\performance analyser\performance analyser\release\performance analyser.pch
c:\users\hasil\desktop\electrical performance analyzer\performance analyser\performance analyser\release\vc141.pdb
c:\users\hasil\desktop\electrical performance analyzer\performance analyser\release\performance analyser.pdb
c:\users\hasil\desktop\electrical performance analyzer\performance analyser\release\performance analyser.exe
c:\users\hasil\desktop\electrical performance analyzer\performance analyser\performance analyser\release\performa.7e170a72.tlog\cl.command.1.tlog
c:\users\hasil\desktop\electrical performance analyzer\performance analyser\performance analyser\release\performa.7e170a72.tlog\cl.read.1.tlog
c:\users\hasil\desktop\electrical performance analyzer\performance analyser\performance analyser\release\performa.7e170a72.tlog\cl.write.1.tlog
c:\users\hasil\desktop\electrical performance analyzer\performance analyser\performance analyser\release\performa.7e170a72.tlog\link.command.1.tlog
c:\users\hasil\desktop\electrical performance analyzer\performance analyser\performance analyser\release\performa.7e170a72.tlog\link.read.1.tlog
c:\users\hasil\desktop\electrical performance analyzer\performance analyser\performance analyser\release\performa.7e170a72.tlog\link.write.1.tlog
c:\users\hasil\desktop\electrical performance analyzer\performance analyser\performance analyser\release\performa.7e170a72.tlog\performance analyser.write.1u.tlog
